"../../../Engine/Content/Functions/Engine_MaterialFunctions01/Shading/PowerToRoughness.uasset" 0
"../../../Engine/Content/Functions/Engine_MaterialFunctions01/Shading/PowerToRoughness.uexp" 1
"../../../Engine/Content/Functions/Engine_MaterialFunctions01/Shading/ConvertFromDiffSpec.uasset" 2
"../../../Engine/Content/Functions/Engine_MaterialFunctions01/Shading/ConvertFromDiffSpec.uexp" 3
"../../../Engine/Content/EngineSounds/Master.uasset" 4
"../../../Engine/Content/EngineSounds/Master.uexp" 5
"../../../Engine/Content/EngineSky/VolumetricClouds/CloudWeatherTexture.uasset" 6
"../../../Engine/Content/EngineSky/VolumetricClouds/CloudWeatherTexture.uexp" 7
"../../../Engine/Content/Functions/Engine_MaterialFunctions02/Utility/MakeFloat2.uasset" 8
"../../../Engine/Content/Functions/Engine_MaterialFunctions02/Utility/MakeFloat2.uexp" 9
"../../../Engine/Content/EngineSky/VolumetricClouds/CloudGradientTexture.uasset" 10
"../../../Engine/Content/EngineSky/VolumetricClouds/CloudGradientTexture.uexp" 11
"../../../Engine/Content/EngineSky/VolumetricClouds/T_NoiseShape64.ubulk" 12
"../../../Engine/Content/EngineSky/VolumetricClouds/T_NoiseShape64.uasset" 13
"../../../Engine/Content/EngineSky/VolumetricClouds/T_NoiseShape64.uexp" 14
"../../../Engine/Content/EngineSky/VolumetricClouds/T_VolumeNoiseShape64.uasset" 15
"../../../Engine/Content/EngineSky/VolumetricClouds/T_VolumeNoiseShape64.uexp" 16
"../../../Engine/Content/EngineSky/VolumetricClouds/T_NoiseErosion.ubulk" 17
"../../../Engine/Content/EngineSky/VolumetricClouds/T_NoiseErosion.uasset" 18
"../../../Engine/Content/EngineSky/VolumetricClouds/T_NoiseErosion.uexp" 19
"../../../Engine/Content/EngineSky/VolumetricClouds/T_VolumeNoiseErosion32.uasset" 20
"../../../Engine/Content/EngineSky/VolumetricClouds/T_VolumeNoiseErosion32.uexp" 21
"../../../Engine/Content/EngineSky/VolumetricClouds/m_SimpleVolumetricCloud.uasset" 22
"../../../Engine/Content/EngineSky/VolumetricClouds/m_SimpleVolumetricCloud.uexp" 23
"../../../Engine/Content/EngineSky/VolumetricClouds/m_SimpleVolumetricCloud_Inst.uasset" 24
"../../../Engine/Content/EngineSky/VolumetricClouds/m_SimpleVolumetricCloud_Inst.uexp" 25
"../../../Engine/Content/EngineResources/GradientTexture0.uasset" 26
"../../../Engine/Content/EngineResources/GradientTexture0.uexp" 27
"../../../Engine/Content/EngineResources/DefaultVolumeTexture2D.uasset" 28
"../../../Engine/Content/EngineResources/DefaultVolumeTexture2D.uexp" 29
"../../../Engine/Content/EngineResources/DefaultVolumeTexture.uasset" 30
"../../../Engine/Content/EngineResources/DefaultVolumeTexture.uexp" 31
"../../../Engine/Content/EngineResources/DefaultTextureCube.uasset" 32
"../../../Engine/Content/EngineResources/DefaultTextureCube.uexp" 33
"../../../Engine/Content/EngineResources/DefaultTexture.ubulk" 34
"../../../Engine/Content/EngineResources/DefaultTexture.uasset" 35
"../../../Engine/Content/EngineResources/DefaultTexture.uexp" 36
"../../../Engine/Content/EngineResources/FilmGrains/Marcie_Grain_v3_128_M2_000.uasset" 37
"../../../Engine/Content/EngineResources/FilmGrains/Marcie_Grain_v3_128_M2_000.uexp" 38
"../../../Engine/Content/EngineMeshes/Sphere.uasset" 39
"../../../Engine/Content/EngineMeshes/Sphere.uexp" 40
"../../../Engine/Content/EngineResources/WhiteSquareTexture.uasset" 41
"../../../Engine/Content/EngineResources/WhiteSquareTexture.uexp" 42
"../../../Engine/Content/EngineMaterials/Widget3DPassThrough.uasset" 43
"../../../Engine/Content/EngineMaterials/Widget3DPassThrough.uexp" 44
"../../../Engine/Content/EngineMaterials/Widget3DPassThrough_Translucent.uasset" 45
"../../../Engine/Content/EngineMaterials/Widget3DPassThrough_Translucent.uexp" 46
"../../../Engine/Content/EngineMaterials/Widget3DPassThrough_Translucent_OneSided.uasset" 47
"../../../Engine/Content/EngineMaterials/Widget3DPassThrough_Translucent_OneSided.uexp" 48
"../../../Engine/Content/EngineMaterials/Widget3DPassThrough_Opaque.uasset" 49
"../../../Engine/Content/EngineMaterials/Widget3DPassThrough_Opaque.uexp" 50
"../../../Engine/Content/EngineMaterials/Widget3DPassThrough_Opaque_OneSided.uasset" 51
"../../../Engine/Content/EngineMaterials/Widget3DPassThrough_Opaque_OneSided.uexp" 52
"../../../Engine/Content/EngineMaterials/Widget3DPassThrough_Masked_OneSided.uasset" 53
"../../../Engine/Content/EngineMaterials/Widget3DPassThrough_Masked_OneSided.uexp" 54
"../../../Engine/Content/EngineMaterials/Widget3DPassThrough_Masked.uasset" 55
"../../../Engine/Content/EngineMaterials/Widget3DPassThrough_Masked.uexp" 56
"../../../Engine/Content/EngineMaterials/WeightMapPlaceholderTexture.uasset" 57
"../../../Engine/Content/EngineMaterials/WeightMapPlaceholderTexture.uexp" 58
"../../../Engine/Content/EngineMaterials/RemoveSurfaceMaterial.uasset" 59
"../../../Engine/Content/EngineMaterials/RemoveSurfaceMaterial.uexp" 60
"../../../Engine/Content/EngineMaterials/PreintegratedSkinBRDF.uasset" 61
"../../../Engine/Content/EngineMaterials/PreintegratedSkinBRDF.uexp" 62
"../../../Engine/Content/EngineMaterials/DefaultCalibrationGrayscale.uasset" 63
"../../../Engine/Content/EngineMaterials/DefaultCalibrationGrayscale.uexp" 64
"../../../Engine/Content/EngineMaterials/PPM_DefaultCalibrationGrayscale.uasset" 65
"../../../Engine/Content/EngineMaterials/PPM_DefaultCalibrationGrayscale.uexp" 66
"../../../Engine/Content/EngineMaterials/DefaultCalibrationColor.uasset" 67
"../../../Engine/Content/EngineMaterials/DefaultCalibrationColor.uexp" 68
"../../../Engine/Content/EngineMaterials/PPM_DefaultCalibrationColor.uasset" 69
"../../../Engine/Content/EngineMaterials/PPM_DefaultCalibrationColor.uexp" 70
"../../../Engine/Content/Functions/Engine_MaterialFunctions02/WorldPositionOffset/CameraOffset.uasset" 71
"../../../Engine/Content/Functions/Engine_MaterialFunctions02/WorldPositionOffset/CameraOffset.uexp" 72
"../../../Engine/Content/EngineMaterials/PhAT_JointLimitMaterial.uasset" 73
"../../../Engine/Content/EngineMaterials/PhAT_JointLimitMaterial.uexp" 74
"../../../Engine/Content/EngineMaterials/InvalidLightmapSettings.ubulk" 75
"../../../Engine/Content/EngineMaterials/InvalidLightmapSettings.uasset" 76
"../../../Engine/Content/EngineMaterials/InvalidLightmapSettings.uexp" 77
"../../../Engine/Content/EngineMaterials/M_InvalidLightmapSettings.uasset" 78
"../../../Engine/Content/EngineMaterials/M_InvalidLightmapSettings.uexp" 79
"../../../Engine/Content/EngineMaterials/MiniFont.uasset" 80
"../../../Engine/Content/EngineMaterials/MiniFont.uexp" 81
"../../../Engine/Content/EngineMaterials/Good64x64TilingNoiseHighFreq.uasset" 82
"../../../Engine/Content/EngineMaterials/Good64x64TilingNoiseHighFreq.uexp" 83
"../../../Engine/Content/EngineMaterials/GizmoMaterial.uasset" 84
"../../../Engine/Content/EngineMaterials/GizmoMaterial.uexp" 85
"../../../Engine/Content/EngineMaterials/BaseFlattenEmissiveMap_VT.uasset" 86
"../../../Engine/Content/EngineMaterials/BaseFlattenEmissiveMap_VT.uexp" 87
"../../../Engine/Content/EngineMaterials/BaseFlattenGrayscaleMap_VT.uasset" 88
"../../../Engine/Content/EngineMaterials/BaseFlattenGrayscaleMap_VT.uexp" 89
"../../../Engine/Content/EngineMaterials/BaseFlattenLinearColor_VT.uasset" 90
"../../../Engine/Content/EngineMaterials/BaseFlattenLinearColor_VT.uexp" 91
"../../../Engine/Content/EngineMaterials/Black_1x1_EXR_Texture_VT.uasset" 92
"../../../Engine/Content/EngineMaterials/Black_1x1_EXR_Texture_VT.uexp" 93
"../../../Engine/Content/EngineMaterials/BaseFlattenDiffuseMap_VT.uasset" 94
"../../../Engine/Content/EngineMaterials/BaseFlattenDiffuseMap_VT.uexp" 95
"../../../Engine/Content/EngineMaterials/BaseFlattenNormalMap_VT.uasset" 96
"../../../Engine/Content/EngineMaterials/BaseFlattenNormalMap_VT.uexp" 97
"../../../Engine/Content/EngineMaterials/FlattenMaterial_WS_Normal_VT.uasset" 98
"../../../Engine/Content/EngineMaterials/FlattenMaterial_WS_Normal_VT.uexp" 99
"../../../Engine/Content/EngineMaterials/FlattenMaterial_VT.uasset" 100
"../../../Engine/Content/EngineMaterials/FlattenMaterial_VT.uexp" 101
"../../../Engine/Content/EngineMaterials/BaseFlattenNormalMap.uasset" 102
"../../../Engine/Content/EngineMaterials/BaseFlattenNormalMap.uexp" 103
"../../../Engine/Content/EngineMaterials/BaseFlattenGrayscaleMap.uasset" 104
"../../../Engine/Content/EngineMaterials/BaseFlattenGrayscaleMap.uexp" 105
"../../../Engine/Content/EngineMaterials/BaseFlattenDiffuseMap.uasset" 106
"../../../Engine/Content/EngineMaterials/BaseFlattenDiffuseMap.uexp" 107
"../../../Engine/Content/Functions/Engine_MaterialFunctions02/PivotPainter2/Black_1x1_EXR_Texture.uasset" 108
"../../../Engine/Content/Functions/Engine_MaterialFunctions02/PivotPainter2/Black_1x1_EXR_Texture.uexp" 109
"../../../Engine/Content/EngineMaterials/BaseFlattenEmissiveMap.uasset" 110
"../../../Engine/Content/EngineMaterials/BaseFlattenEmissiveMap.uexp" 111
"../../../Engine/Content/EngineMaterials/BaseFlattenLinearColor.uasset" 112
"../../../Engine/Content/EngineMaterials/BaseFlattenLinearColor.uexp" 113
"../../../Engine/Content/EngineMaterials/FlattenMaterial.uasset" 114
"../../../Engine/Content/EngineMaterials/FlattenMaterial.uexp" 115
"../../../Engine/Content/EngineMaterials/DefaultWhiteGrid_Low.uasset" 116
"../../../Engine/Content/EngineMaterials/DefaultWhiteGrid_Low.uexp" 117
"../../../Engine/Content/EngineMaterials/EmissiveMeshMaterial.uasset" 118
"../../../Engine/Content/EngineMaterials/EmissiveMeshMaterial.uexp" 119
"../../../Engine/Content/EngineMaterials/DefaultWhiteGrid.ubulk" 120
"../../../Engine/Content/EngineMaterials/DefaultWhiteGrid.uasset" 121
"../../../Engine/Content/EngineMaterials/DefaultWhiteGrid.uexp" 122
"../../../Engine/Content/EngineFonts/RobotoDistanceField.uasset" 123
"../../../Engine/Content/EngineFonts/RobotoDistanceField.uexp" 124
"../../../Engine/Content/EngineMaterials/DefaultTextMaterialOpaque.uasset" 125
"../../../Engine/Content/EngineMaterials/DefaultTextMaterialOpaque.uexp" 126
"../../../Engine/Content/EngineMaterials/DefaultDiffuse.ubulk" 127
"../../../Engine/Content/EngineMaterials/DefaultDiffuse.uasset" 128
"../../../Engine/Content/EngineMaterials/DefaultDiffuse.uexp" 129
"../../../Engine/Content/Functions/Engine_MaterialFunctions02/Utility/BreakOutFloat2Components.uasset" 130
"../../../Engine/Content/Functions/Engine_MaterialFunctions02/Utility/BreakOutFloat2Components.uexp" 131
"../../../Engine/Content/EngineMaterials/DefaultPostProcessMaterial.uasset" 132
"../../../Engine/Content/EngineMaterials/DefaultPostProcessMaterial.uexp" 133
"../../../Engine/Content/EngineMaterials/DefaultPhysicalMaterial.uasset" 134
"../../../Engine/Content/EngineMaterials/DefaultPhysicalMaterial.uexp" 135
"../../../Engine/Content/EngineMaterials/DefaultLightFunctionMaterial.uasset" 136
"../../../Engine/Content/EngineMaterials/DefaultLightFunctionMaterial.uexp" 137
"../../../Engine/Content/EngineMaterials/DefaultDestructiblePhysicalMaterial.uasset" 138
"../../../Engine/Content/EngineMaterials/DefaultDestructiblePhysicalMaterial.uexp" 139
"../../../Engine/Content/EngineMaterials/DefaultDeferredDecalMaterial.uasset" 140
"../../../Engine/Content/EngineMaterials/DefaultDeferredDecalMaterial.uexp" 141
"../../../Engine/Content/EngineMaterials/DefaultBokeh.uasset" 142
"../../../Engine/Content/EngineMaterials/DefaultBokeh.uexp" 143
"../../../Engine/Content/EngineMaterials/DefaultBloomKernel.uasset" 144
"../../../Engine/Content/EngineMaterials/DefaultBloomKernel.uexp" 145
"../../../Engine/Content/EngineMaterials/BlueNoise.uasset" 146
"../../../Engine/Content/EngineMaterials/BlueNoise.uexp" 147
"../../../Engine/Content/EngineFonts/Faces/RobotoLight.uexp" 148
"../../../Engine/Content/EngineFonts/Faces/RobotoLight.uasset" 149
"../../../Engine/Content/EngineFonts/Faces/RobotoLight.ufont" 150
"../../../Engine/Content/EngineFonts/Faces/RobotoBold.uexp" 151
"../../../Engine/Content/EngineFonts/Faces/RobotoBold.uasset" 152
"../../../Engine/Content/EngineFonts/Faces/RobotoBold.ufont" 153
"../../../Engine/Content/EngineFonts/Faces/RobotoRegular.uexp" 154
"../../../Engine/Content/EngineFonts/Faces/RobotoRegular.uasset" 155
"../../../Engine/Content/EngineFonts/Faces/RobotoRegular.ufont" 156
"../../../Engine/Content/EngineFonts/Faces/DroidSansFallback.uexp" 157
"../../../Engine/Content/EngineFonts/Faces/DroidSansFallback.uasset" 158
"../../../Engine/Content/EngineFonts/Faces/DroidSansFallback.ufont" 159
"../../../Engine/Content/EngineFonts/Faces/RobotoItalic.uexp" 160
"../../../Engine/Content/EngineFonts/Faces/RobotoItalic.uasset" 161
"../../../Engine/Content/EngineFonts/Faces/RobotoItalic.ufont" 162
"../../../Engine/Content/EngineFonts/Faces/RobotoBoldItalic.uexp" 163
"../../../Engine/Content/EngineFonts/Faces/RobotoBoldItalic.uasset" 164
"../../../Engine/Content/EngineFonts/Faces/RobotoBoldItalic.ufont" 165
"../../../Engine/Content/EngineFonts/Roboto.uasset" 166
"../../../Engine/Content/EngineFonts/Roboto.uexp" 167
"../../../Engine/Content/Functions/Engine_MaterialFunctions02/Utility/CameraDirectionVector.uasset" 168
"../../../Engine/Content/Functions/Engine_MaterialFunctions02/Utility/CameraDirectionVector.uexp" 169
"../../../Engine/Content/EngineDebugMaterials/VolumeToRender.uasset" 170
"../../../Engine/Content/EngineDebugMaterials/VolumeToRender.uexp" 171
"../../../Engine/Content/EngineDebugMaterials/M_VolumeRenderSphereTracePP.uasset" 172
"../../../Engine/Content/EngineDebugMaterials/M_VolumeRenderSphereTracePP.uexp" 173
"../../../Engine/Content/EngineDebugMaterials/M_SimpleUnlitTranslucent.uasset" 174
"../../../Engine/Content/EngineDebugMaterials/M_SimpleUnlitTranslucent.uexp" 175
"../../../Engine/Content/EngineDebugMaterials/DebugMeshMaterial.uasset" 176
"../../../Engine/Content/EngineDebugMaterials/DebugMeshMaterial.uexp" 177
"../../../Engine/Content/EngineDebugMaterials/DebugEditorMaterial.uasset" 178
"../../../Engine/Content/EngineDebugMaterials/DebugEditorMaterial.uexp" 179
"../../../Engine/Content/EngineDamageTypes/DmgTypeBP_Environmental.uasset" 180
"../../../Engine/Content/EngineDamageTypes/DmgTypeBP_Environmental.uexp" 181
"../../../Engine/Content/EditorResources/S_TriggerSphere.uasset" 182
"../../../Engine/Content/EditorResources/S_TriggerSphere.uexp" 183
"../../../Engine/Content/EditorResources/S_TriggerCapsule.uasset" 184
"../../../Engine/Content/EditorResources/S_TriggerCapsule.uexp" 185
"../../../Engine/Content/EditorResources/S_TriggerBox.uasset" 186
"../../../Engine/Content/EditorResources/S_TriggerBox.uexp" 187
"../../../Engine/Content/EditorResources/S_Trigger.ubulk" 188
"../../../Engine/Content/EditorResources/S_Trigger.uasset" 189
"../../../Engine/Content/EditorResources/S_Trigger.uexp" 190
"../../../Engine/Content/EditorResources/S_Terrain.ubulk" 191
"../../../Engine/Content/EditorResources/S_Terrain.uasset" 192
"../../../Engine/Content/EditorResources/S_Terrain.uexp" 193
"../../../Engine/Content/EditorResources/S_Solver.ubulk" 194
"../../../Engine/Content/EditorResources/S_Solver.uasset" 195
"../../../Engine/Content/EditorResources/S_Solver.uexp" 196
"../../../Engine/Content/EditorResources/S_BoxReflectionCapture.uasset" 197
"../../../Engine/Content/EditorResources/S_BoxReflectionCapture.uexp" 198
"../../../Engine/Content/EditorResources/S_Actor.ubulk" 199
"../../../Engine/Content/EditorResources/S_Actor.uasset" 200
"../../../Engine/Content/EditorResources/S_Actor.uexp" 201
"../../../Engine/Content/EditorResources/EmptyActor.uasset" 202
"../../../Engine/Content/EditorResources/EmptyActor.uexp" 203
"../../../Engine/Content/EditorResources/BSPVertex.uasset" 204
"../../../Engine/Content/EditorResources/BSPVertex.uexp" 205
"../../../Engine/Content/EditorResources/SequenceRecorder/RecordingIndicator.uasset" 206
"../../../Engine/Content/EditorResources/SequenceRecorder/RecordingIndicator.uexp" 207
"../../../Engine/Content/EditorResources/SequenceRecorder/Countdown.uasset" 208
"../../../Engine/Content/EditorResources/SequenceRecorder/Countdown.uexp" 209
"../../../Engine/Content/EditorMaterials/Camera/CineMat.uasset" 210
"../../../Engine/Content/EditorMaterials/Camera/CineMat.uexp" 211
"../../../Engine/Content/EditorMaterials/Camera/MI_CineMat_Rig.uasset" 212
"../../../Engine/Content/EditorMaterials/Camera/MI_CineMat_Rig.uexp" 213
"../../../Engine/Content/EditorMeshes/Camera/SM_RailRig_Track.uasset" 214
"../../../Engine/Content/EditorMeshes/Camera/SM_RailRig_Track.uexp" 215
"../../../Engine/Content/EditorMeshes/Camera/SM_RailRig_Mount.uasset" 216
"../../../Engine/Content/EditorMeshes/Camera/SM_RailRig_Mount.uexp" 217
"../../../Engine/Content/EditorMeshes/Camera/SM_CraneRig_Mount.uasset" 218
"../../../Engine/Content/EditorMeshes/Camera/SM_CraneRig_Mount.uexp" 219
"../../../Engine/Content/EditorMeshes/Camera/SM_CraneRig_Body.uasset" 220
"../../../Engine/Content/EditorMeshes/Camera/SM_CraneRig_Body.uexp" 221
"../../../Engine/Content/EditorMeshes/Camera/SM_CraneRig_Base.uasset" 222
"../../../Engine/Content/EditorMeshes/Camera/SM_CraneRig_Base.uexp" 223
"../../../Engine/Content/EditorMeshes/Camera/SM_CraneRig_Arm.uasset" 224
"../../../Engine/Content/EditorMeshes/Camera/SM_CraneRig_Arm.uexp" 225
"../../../Engine/Content/EditorMaterials/PreviewShadowIndicator.ubulk" 226
"../../../Engine/Content/EditorMaterials/PreviewShadowIndicator.uasset" 227
"../../../Engine/Content/EditorMaterials/PreviewShadowIndicator.uexp" 228
"../../../Engine/Content/EditorMaterials/PreviewShadowIndicatorMaterial.uasset" 229
"../../../Engine/Content/EditorMaterials/PreviewShadowIndicatorMaterial.uexp" 230
"../../../Engine/Content/EditorMaterials/MAT_Groups_Visibility.uasset" 231
"../../../Engine/Content/EditorMaterials/MAT_Groups_Visibility.uexp" 232
"../../../Engine/Content/EditorMaterials/MAT_Groups_Toggle.uasset" 233
"../../../Engine/Content/EditorMaterials/MAT_Groups_Toggle.uexp" 234
"../../../Engine/Content/Functions/Engine_MaterialFunctions02/Utility/MakeFloat4.uasset" 235
"../../../Engine/Content/Functions/Engine_MaterialFunctions02/Utility/MakeFloat4.uexp" 236
"../../../Engine/Content/Functions/Engine_MaterialFunctions02/Utility/MakeFloat3.uasset" 237
"../../../Engine/Content/Functions/Engine_MaterialFunctions02/Utility/MakeFloat3.uexp" 238
"../../../Engine/Content/Functions/Engine_MaterialFunctions02/Utility/BreakOutFloat3Components.uasset" 239
"../../../Engine/Content/Functions/Engine_MaterialFunctions02/Utility/BreakOutFloat3Components.uexp" 240
"../../../Engine/Content/EditorMaterials/WorldPartition/WorldPartitionSpatialHashGridPreviewMaterial.uasset" 241
"../../../Engine/Content/EditorMaterials/WorldPartition/WorldPartitionSpatialHashGridPreviewMaterial.uexp" 242
"../../../Engine/Content/EditorMaterials/ParticleSystems/PSysThumbnail_OOD.ubulk" 243
"../../../Engine/Content/EditorMaterials/ParticleSystems/PSysThumbnail_OOD.uasset" 244
"../../../Engine/Content/EditorMaterials/ParticleSystems/PSysThumbnail_OOD.uexp" 245
"../../../Engine/Content/EditorMaterials/ParticleSystems/PSysThumbnail_NoImage.ubulk" 246
"../../../Engine/Content/EditorMaterials/ParticleSystems/PSysThumbnail_NoImage.uasset" 247
"../../../Engine/Content/EditorMaterials/ParticleSystems/PSysThumbnail_NoImage.uexp" 248
"../../../Engine/Content/EditorMaterials/MatineeGroups/MAT_Groups_Vector.uasset" 249
"../../../Engine/Content/EditorMaterials/MatineeGroups/MAT_Groups_Vector.uexp" 250
"../../../Engine/Content/EditorMaterials/MatineeGroups/MAT_Groups_Sound.uasset" 251
"../../../Engine/Content/EditorMaterials/MatineeGroups/MAT_Groups_Sound.uexp" 252
"../../../Engine/Content/EditorMaterials/MatineeGroups/MAT_Groups_Slomo.uasset" 253
"../../../Engine/Content/EditorMaterials/MatineeGroups/MAT_Groups_Slomo.uexp" 254
"../../../Engine/Content/EditorMaterials/MatineeGroups/MAT_Groups_Move.uasset" 255
"../../../Engine/Content/EditorMaterials/MatineeGroups/MAT_Groups_Move.uexp" 256
"../../../Engine/Content/EditorMaterials/MatineeGroups/MAT_Groups_Float.uasset" 257
"../../../Engine/Content/EditorMaterials/MatineeGroups/MAT_Groups_Float.uexp" 258
"../../../Engine/Content/EditorMaterials/MatineeGroups/MAT_Groups_Fade.uasset" 259
"../../../Engine/Content/EditorMaterials/MatineeGroups/MAT_Groups_Fade.uexp" 260
"../../../Engine/Content/EditorMaterials/MatineeGroups/MAT_Groups_Event.uasset" 261
"../../../Engine/Content/EditorMaterials/MatineeGroups/MAT_Groups_Event.uexp" 262
"../../../Engine/Content/EditorMaterials/MatineeGroups/MAT_Groups_Director.uasset" 263
"../../../Engine/Content/EditorMaterials/MatineeGroups/MAT_Groups_Director.uexp" 264
"../../../Engine/Content/EditorMaterials/MatineeGroups/MAT_Groups_AudioMaster.uasset" 265
"../../../Engine/Content/EditorMaterials/MatineeGroups/MAT_Groups_AudioMaster.uexp" 266
"../../../Engine/Content/EditorMaterials/MatineeGroups/MAT_Groups_Anim.uasset" 267
"../../../Engine/Content/EditorMaterials/MatineeGroups/MAT_Groups_Anim.uexp" 268
"../../../Engine/Content/EditorMaterials/MatineeGroups/MAT_ColorTrack.uasset" 269
"../../../Engine/Content/EditorMaterials/MatineeGroups/MAT_ColorTrack.uexp" 270
"../../../Engine/Content/EditorLandscapeResources/DefaultAlphaTexture.uasset" 271
"../../../Engine/Content/EditorLandscapeResources/DefaultAlphaTexture.uexp" 272
"../../../Engine/Content/EditorLandscapeResources/DataLayer.uasset" 273
"../../../Engine/Content/EditorLandscapeResources/DataLayer.uexp" 274
"../../../Engine/Content/EngineMaterials/T_Default_Material_Grid_M.ubulk" 275
"../../../Engine/Content/EngineMaterials/T_Default_Material_Grid_M.uasset" 276
"../../../Engine/Content/EngineMaterials/T_Default_Material_Grid_M.uexp" 277
"../../../Engine/Content/EngineMaterials/T_Default_Material_Grid_N.ubulk" 278
"../../../Engine/Content/EngineMaterials/T_Default_Material_Grid_N.uasset" 279
"../../../Engine/Content/EngineMaterials/T_Default_Material_Grid_N.uexp" 280
"../../../Engine/Content/Functions/Engine_MaterialFunctions01/Opacity/CameraDepthFade.uasset" 281
"../../../Engine/Content/Functions/Engine_MaterialFunctions01/Opacity/CameraDepthFade.uexp" 282
"../../../Engine/Content/EngineMaterials/DefaultMaterial.uasset" 283
"../../../Engine/Content/EngineMaterials/DefaultMaterial.uexp" 284
"../../../Engine/Content/BasicShapes/Sphere.uasset" 285
"../../../Engine/Content/BasicShapes/Sphere.uexp" 286
"../../../Engine/Content/EngineMaterials/WorldGridMaterial.uasset" 287
"../../../Engine/Content/EngineMaterials/WorldGridMaterial.uexp" 288
"../../../Engine/Content/BasicShapes/Plane.uasset" 289
"../../../Engine/Content/BasicShapes/Plane.uexp" 290
"../../../Engine/Content/BasicShapes/Cylinder.uasset" 291
"../../../Engine/Content/BasicShapes/Cylinder.uexp" 292
"../../../Engine/Content/BasicShapes/Cube.uasset" 293
"../../../Engine/Content/BasicShapes/Cube.uexp" 294
"../../../Engine/Content/BasicShapes/Cone.uasset" 295
"../../../Engine/Content/BasicShapes/Cone.uexp" 296
"../../../Engine/Content/ArtTools/RenderToTexture/Meshes/S_1_Unit_Plane.uasset" 297
"../../../Engine/Content/ArtTools/RenderToTexture/Meshes/S_1_Unit_Plane.uexp" 298
"../../../Engine/Content/Tutorial/ContentIntroCurve.uasset" 299
"../../../Engine/Content/Tutorial/ContentIntroCurve.uexp" 300
"../../../Engine/Content/VREditor/TransformGizmo/Main.uasset" 301
"../../../Engine/Content/VREditor/TransformGizmo/Main.uexp" 302
"../../../Engine/Content/VREditor/TransformGizmo/Xray.uasset" 303
"../../../Engine/Content/VREditor/TransformGizmo/Xray.uexp" 304
"../../../Engine/Content/VREditor/TransformGizmo/SM_Sequencer_Node.uasset" 305
"../../../Engine/Content/VREditor/TransformGizmo/SM_Sequencer_Node.uexp" 306
"../../../Engine/Content/VREditor/LaserPointer/VR_LaserPower_01.ubulk" 307
"../../../Engine/Content/VREditor/LaserPointer/VR_LaserPower_01.uasset" 308
"../../../Engine/Content/VREditor/LaserPointer/VR_LaserPower_01.uexp" 309
"../../../Engine/Content/VREditor/TransformGizmo/TransformGizmoMaterial.uasset" 310
"../../../Engine/Content/VREditor/TransformGizmo/TransformGizmoMaterial.uexp" 311
"../../../Engine/Content/VREditor/TransformGizmo/TranslucentTransformGizmoMaterial.uasset" 312
"../../../Engine/Content/VREditor/TransformGizmo/TranslucentTransformGizmoMaterial.uexp" 313
"../../../Engine/Content/VREditor/TransformGizmo/PlaneTranslationHandle.uasset" 314
"../../../Engine/Content/VREditor/TransformGizmo/PlaneTranslationHandle.uexp" 315
"../../../Engine/Content/VREditor/TransformGizmo/BoundingBoxEdge.uasset" 316
"../../../Engine/Content/VREditor/TransformGizmo/BoundingBoxEdge.uexp" 317
"../../../Engine/Content/VREditor/TransformGizmo/BoundingBoxCorner.uasset" 318
"../../../Engine/Content/VREditor/TransformGizmo/BoundingBoxCorner.uexp" 319
"../../../Engine/Plugins/2D/Paper2D/Content/PlaceholderTextures/DummySpriteTexture.ubulk" 320
"../../../Engine/Plugins/2D/Paper2D/Content/PlaceholderTextures/DummySpriteTexture.uasset" 321
"../../../Engine/Plugins/2D/Paper2D/Content/PlaceholderTextures/DummySpriteTexture.uexp" 322
"../../../Engine/Plugins/2D/Paper2D/Content/DefaultSpriteMaterial.uasset" 323
"../../../Engine/Plugins/2D/Paper2D/Content/DefaultSpriteMaterial.uexp" 324
"../../../Engine/Plugins/2D/Paper2D/Content/OpaqueUnlitSpriteMaterial.uasset" 325
"../../../Engine/Plugins/2D/Paper2D/Content/OpaqueUnlitSpriteMaterial.uexp" 326
"../../../Engine/Plugins/2D/Paper2D/Content/MaskedUnlitSpriteMaterial.uasset" 327
"../../../Engine/Plugins/2D/Paper2D/Content/MaskedUnlitSpriteMaterial.uexp" 328
"../../../Engine/Plugins/2D/Paper2D/Content/DummySprite.uasset" 329
"../../../Engine/Plugins/2D/Paper2D/Content/DummySprite.uexp" 330
"../../../Engine/Plugins/2D/Paper2D/Content/DefaultPaperTerrainMaterial.uasset" 331
"../../../Engine/Plugins/2D/Paper2D/Content/DefaultPaperTerrainMaterial.uexp" 332
"../../../Engine/Plugins/Animation/ControlRig/Content/M_Manip.uasset" 333
"../../../Engine/Plugins/Animation/ControlRig/Content/M_Manip.uexp" 334
"../../../Engine/Plugins/Animation/ControlRig/Content/Controls/DefaultGizmoLibraryNormalized.uasset" 335
"../../../Engine/Plugins/Animation/ControlRig/Content/Controls/DefaultGizmoLibraryNormalized.uexp" 336
"../../../Engine/Plugins/Animation/ControlRig/Content/Controls/ControlRig_Wedge_solid.uasset" 337
"../../../Engine/Plugins/Animation/ControlRig/Content/Controls/ControlRig_Wedge_solid.uexp" 338
"../../../Engine/Plugins/Animation/ControlRig/Content/Controls/ControlRig_Wedge_3mm.uasset" 339
"../../../Engine/Plugins/Animation/ControlRig/Content/Controls/ControlRig_Wedge_3mm.uexp" 340
"../../../Engine/Plugins/Animation/ControlRig/Content/Controls/ControlRig_Wedge_1mm.uasset" 341
"../../../Engine/Plugins/Animation/ControlRig/Content/Controls/ControlRig_Wedge_1mm.uexp" 342
"../../../Engine/Plugins/Animation/ControlRig/Content/Controls/ControlRig_Triangle_solid.uasset" 343
"../../../Engine/Plugins/Animation/ControlRig/Content/Controls/ControlRig_Triangle_solid.uexp" 344
"../../../Engine/Plugins/Animation/ControlRig/Content/Controls/ControlRig_Triangle_3mm.uasset" 345
"../../../Engine/Plugins/Animation/ControlRig/Content/Controls/ControlRig_Triangle_3mm.uexp" 346
"../../../Engine/Plugins/Animation/ControlRig/Content/Controls/ControlRig_Triangle_1mm.uasset" 347
"../../../Engine/Plugins/Animation/ControlRig/Content/Controls/ControlRig_Triangle_1mm.uexp" 348
"../../../Engine/Plugins/Animation/ControlRig/Content/Controls/ControlRig_Star4_solid.uasset" 349
"../../../Engine/Plugins/Animation/ControlRig/Content/Controls/ControlRig_Star4_solid.uexp" 350
"../../../Engine/Plugins/Animation/ControlRig/Content/Controls/ControlRig_Star4_3mm.uasset" 351
"../../../Engine/Plugins/Animation/ControlRig/Content/Controls/ControlRig_Star4_3mm.uexp" 352
"../../../Engine/Plugins/Animation/ControlRig/Content/Controls/ControlRig_Star4_1mm.uasset" 353
"../../../Engine/Plugins/Animation/ControlRig/Content/Controls/ControlRig_Star4_1mm.uexp" 354
"../../../Engine/Plugins/Animation/ControlRig/Content/Controls/ControlRig_Square_solid.uasset" 355
"../../../Engine/Plugins/Animation/ControlRig/Content/Controls/ControlRig_Square_solid.uexp" 356
"../../../Engine/Plugins/Animation/ControlRig/Content/Controls/ControlRig_Square_3mm.uasset" 357
"../../../Engine/Plugins/Animation/ControlRig/Content/Controls/ControlRig_Square_3mm.uexp" 358
"../../../Engine/Plugins/Animation/ControlRig/Content/Controls/ControlRig_Square_1mm.uasset" 359
"../../../Engine/Plugins/Animation/ControlRig/Content/Controls/ControlRig_Square_1mm.uexp" 360
"../../../Engine/Plugins/Animation/ControlRig/Content/Controls/ControlRig_Sphere_solid.uasset" 361
"../../../Engine/Plugins/Animation/ControlRig/Content/Controls/ControlRig_Sphere_solid.uexp" 362
"../../../Engine/Plugins/Animation/ControlRig/Content/Controls/ControlRig_Sphere_3mm.uasset" 363
"../../../Engine/Plugins/Animation/ControlRig/Content/Controls/ControlRig_Sphere_3mm.uexp" 364
"../../../Engine/Plugins/Animation/ControlRig/Content/Controls/ControlRig_Sphere_1mm.uasset" 365
"../../../Engine/Plugins/Animation/ControlRig/Content/Controls/ControlRig_Sphere_1mm.uexp" 366
"../../../Engine/Plugins/Animation/ControlRig/Content/Controls/ControlRig_RoundedTriangle_solid.uasset" 367
"../../../Engine/Plugins/Animation/ControlRig/Content/Controls/ControlRig_RoundedTriangle_solid.uexp" 368
"../../../Engine/Plugins/Animation/ControlRig/Content/Controls/ControlRig_RoundedTriangle_3mm.uasset" 369
"../../../Engine/Plugins/Animation/ControlRig/Content/Controls/ControlRig_RoundedTriangle_3mm.uexp" 370
"../../../Engine/Plugins/Animation/ControlRig/Content/Controls/ControlRig_RoundedTriangle_1mm.uasset" 371
"../../../Engine/Plugins/Animation/ControlRig/Content/Controls/ControlRig_RoundedTriangle_1mm.uexp" 372
"../../../Engine/Plugins/Animation/ControlRig/Content/Controls/ControlRig_RoundedSquare_solid.uasset" 373
"../../../Engine/Plugins/Animation/ControlRig/Content/Controls/ControlRig_RoundedSquare_solid.uexp" 374
"../../../Engine/Plugins/Animation/ControlRig/Content/Controls/ControlRig_RoundedSquare_3mm.uasset" 375
"../../../Engine/Plugins/Animation/ControlRig/Content/Controls/ControlRig_RoundedSquare_3mm.uexp" 376
"../../../Engine/Plugins/Animation/ControlRig/Content/Controls/ControlRig_RoundedSquare_1mm.uasset" 377
"../../../Engine/Plugins/Animation/ControlRig/Content/Controls/ControlRig_RoundedSquare_1mm.uexp" 378
"../../../Engine/Plugins/Animation/ControlRig/Content/Controls/ControlRig_QuarterCircle_solid.uasset" 379
"../../../Engine/Plugins/Animation/ControlRig/Content/Controls/ControlRig_QuarterCircle_solid.uexp" 380
"../../../Engine/Plugins/Animation/ControlRig/Content/Controls/ControlRig_QuarterCircle_3mm.uasset" 381
"../../../Engine/Plugins/Animation/ControlRig/Content/Controls/ControlRig_QuarterCircle_3mm.uexp" 382
"../../../Engine/Plugins/Animation/ControlRig/Content/Controls/ControlRig_QuarterCircle_1mm.uasset" 383
"../../../Engine/Plugins/Animation/ControlRig/Content/Controls/ControlRig_QuarterCircle_1mm.uexp" 384
"../../../Engine/Plugins/Animation/ControlRig/Content/Controls/ControlRig_Pyramid_solid.uasset" 385
"../../../Engine/Plugins/Animation/ControlRig/Content/Controls/ControlRig_Pyramid_solid.uexp" 386
"../../../Engine/Plugins/Animation/ControlRig/Content/Controls/ControlRig_Pyramid_3mm.uasset" 387
"../../../Engine/Plugins/Animation/ControlRig/Content/Controls/ControlRig_Pyramid_3mm.uexp" 388
"../../../Engine/Plugins/Animation/ControlRig/Content/Controls/ControlRig_Pyramid_1mm.uasset" 389
"../../../Engine/Plugins/Animation/ControlRig/Content/Controls/ControlRig_Pyramid_1mm.uexp" 390
"../../../Engine/Plugins/Animation/ControlRig/Content/Controls/ControlRig_Octagon_solid.uasset" 391
"../../../Engine/Plugins/Animation/ControlRig/Content/Controls/ControlRig_Octagon_solid.uexp" 392
"../../../Engine/Plugins/Animation/ControlRig/Content/Controls/ControlRig_Octagon_3mm.uasset" 393
"../../../Engine/Plugins/Animation/ControlRig/Content/Controls/ControlRig_Octagon_3mm.uexp" 394
"../../../Engine/Plugins/Animation/ControlRig/Content/Controls/ControlRig_Octagon_1mm.uasset" 395
"../../../Engine/Plugins/Animation/ControlRig/Content/Controls/ControlRig_Octagon_1mm.uexp" 396
"../../../Engine/Plugins/Animation/ControlRig/Content/Controls/ControlRig_Hexagon_solid.uasset" 397
"../../../Engine/Plugins/Animation/ControlRig/Content/Controls/ControlRig_Hexagon_solid.uexp" 398
"../../../Engine/Plugins/Animation/ControlRig/Content/Controls/ControlRig_Hexagon_3mm.uasset" 399
"../../../Engine/Plugins/Animation/ControlRig/Content/Controls/ControlRig_Hexagon_3mm.uexp" 400
"../../../Engine/Plugins/Animation/ControlRig/Content/Controls/ControlRig_Hexagon_1mm.uasset" 401
"../../../Engine/Plugins/Animation/ControlRig/Content/Controls/ControlRig_Hexagon_1mm.uexp" 402
"../../../Engine/Plugins/Animation/ControlRig/Content/Controls/ControlRig_HalfCircle_solid.uasset" 403
"../../../Engine/Plugins/Animation/ControlRig/Content/Controls/ControlRig_HalfCircle_solid.uexp" 404
"../../../Engine/Plugins/Animation/ControlRig/Content/Controls/ControlRig_HalfCircle_3mm.uasset" 405
"../../../Engine/Plugins/Animation/ControlRig/Content/Controls/ControlRig_HalfCircle_3mm.uexp" 406
"../../../Engine/Plugins/Animation/ControlRig/Content/Controls/ControlRig_HalfCircle_1mm.uasset" 407
"../../../Engine/Plugins/Animation/ControlRig/Content/Controls/ControlRig_HalfCircle_1mm.uexp" 408
"../../../Engine/Plugins/Animation/ControlRig/Content/Controls/ControlRig_Diamond_solid.uasset" 409
"../../../Engine/Plugins/Animation/ControlRig/Content/Controls/ControlRig_Diamond_solid.uexp" 410
"../../../Engine/Plugins/Animation/ControlRig/Content/Controls/ControlRig_Diamond_3mm.uasset" 411
"../../../Engine/Plugins/Animation/ControlRig/Content/Controls/ControlRig_Diamond_3mm.uexp" 412
"../../../Engine/Plugins/Animation/ControlRig/Content/Controls/ControlRig_Diamond_1mm.uasset" 413
"../../../Engine/Plugins/Animation/ControlRig/Content/Controls/ControlRig_Diamond_1mm.uexp" 414
"../../../Engine/Plugins/Animation/ControlRig/Content/Controls/ControlRig_Circle_solid.uasset" 415
"../../../Engine/Plugins/Animation/ControlRig/Content/Controls/ControlRig_Circle_solid.uexp" 416
"../../../Engine/Plugins/Animation/ControlRig/Content/Controls/ControlRig_Circle_3mm.uasset" 417
"../../../Engine/Plugins/Animation/ControlRig/Content/Controls/ControlRig_Circle_3mm.uexp" 418
"../../../Engine/Plugins/Animation/ControlRig/Content/Controls/ControlRig_Circle_1mm.uasset" 419
"../../../Engine/Plugins/Animation/ControlRig/Content/Controls/ControlRig_Circle_1mm.uexp" 420
"../../../Engine/Plugins/Animation/ControlRig/Content/Controls/ControlRig_Box_solid.uasset" 421
"../../../Engine/Plugins/Animation/ControlRig/Content/Controls/ControlRig_Box_solid.uexp" 422
"../../../Engine/Plugins/Animation/ControlRig/Content/Controls/ControlRig_Box_3mm.uasset" 423
"../../../Engine/Plugins/Animation/ControlRig/Content/Controls/ControlRig_Box_3mm.uexp" 424
"../../../Engine/Plugins/Animation/ControlRig/Content/Controls/ControlRig_Box_1mm.uasset" 425
"../../../Engine/Plugins/Animation/ControlRig/Content/Controls/ControlRig_Box_1mm.uexp" 426
"../../../Engine/Plugins/Animation/ControlRig/Content/Controls/ControlRig_Arrow_solid.uasset" 427
"../../../Engine/Plugins/Animation/ControlRig/Content/Controls/ControlRig_Arrow_solid.uexp" 428
"../../../Engine/Plugins/Animation/ControlRig/Content/Controls/ControlRig_Arrow_3mm.uasset" 429
"../../../Engine/Plugins/Animation/ControlRig/Content/Controls/ControlRig_Arrow_3mm.uexp" 430
"../../../Engine/Plugins/Animation/ControlRig/Content/Controls/ControlRig_Arrow_1mm.uasset" 431
"../../../Engine/Plugins/Animation/ControlRig/Content/Controls/ControlRig_Arrow_1mm.uexp" 432
"../../../Engine/Plugins/Animation/ControlRig/Content/Controls/ControlRig_Arrow4_solid.uasset" 433
"../../../Engine/Plugins/Animation/ControlRig/Content/Controls/ControlRig_Arrow4_solid.uexp" 434
"../../../Engine/Plugins/Animation/ControlRig/Content/Controls/ControlRig_Arrow4_3mm.uasset" 435
"../../../Engine/Plugins/Animation/ControlRig/Content/Controls/ControlRig_Arrow4_3mm.uexp" 436
"../../../Engine/Plugins/Animation/ControlRig/Content/Controls/ControlRig_Arrow4_1mm.uasset" 437
"../../../Engine/Plugins/Animation/ControlRig/Content/Controls/ControlRig_Arrow4_1mm.uexp" 438
"../../../Engine/Plugins/Animation/ControlRig/Content/Controls/ControlRig_Arrow2_solid.uasset" 439
"../../../Engine/Plugins/Animation/ControlRig/Content/Controls/ControlRig_Arrow2_solid.uexp" 440
"../../../Engine/Plugins/Animation/ControlRig/Content/Controls/ControlRig_Arrow2_3mm.uasset" 441
"../../../Engine/Plugins/Animation/ControlRig/Content/Controls/ControlRig_Arrow2_3mm.uexp" 442
"../../../Engine/Plugins/Animation/ControlRig/Content/Controls/ControlRig_Arrow2_1mm.uasset" 443
"../../../Engine/Plugins/Animation/ControlRig/Content/Controls/ControlRig_Arrow2_1mm.uexp" 444
"../../../Engine/Plugins/Animation/ControlRig/Content/Controls/ControlRigGizmoMaterial.uasset" 445
"../../../Engine/Plugins/Animation/ControlRig/Content/Controls/ControlRigGizmoMaterial.uexp" 446
"../../../Engine/Plugins/Editor/SpeedTreeImporter/Content/SpeedTree9/game_wind_noise.ubulk" 447
"../../../Engine/Plugins/Editor/SpeedTreeImporter/Content/SpeedTree9/game_wind_noise.uasset" 448
"../../../Engine/Plugins/Editor/SpeedTreeImporter/Content/SpeedTree9/game_wind_noise.uexp" 449
"../../../Engine/Plugins/Editor/SpeedTreeImporter/Content/SpeedTree9/UnpackDirection.uasset" 450
"../../../Engine/Plugins/Editor/SpeedTreeImporter/Content/SpeedTree9/UnpackDirection.uexp" 451
"../../../Engine/Content/Functions/Engine_MaterialFunctions02/ObjectLocalBounds.uasset" 452
"../../../Engine/Content/Functions/Engine_MaterialFunctions02/ObjectLocalBounds.uexp" 453
"../../../Engine/Content/Functions/Engine_MaterialFunctions02/UVs/BoundingBoxBased_0-1_UVW.uasset" 454
"../../../Engine/Content/Functions/Engine_MaterialFunctions02/UVs/BoundingBoxBased_0-1_UVW.uexp" 455
"../../../Engine/Content/Functions/Engine_MaterialFunctions02/Utility/VectorLength.uasset" 456
"../../../Engine/Content/Functions/Engine_MaterialFunctions02/Utility/VectorLength.uexp" 457
"../../../Engine/Plugins/Editor/SpeedTreeImporter/Content/SpeedTree9/UnpackInteger3.uasset" 458
"../../../Engine/Plugins/Editor/SpeedTreeImporter/Content/SpeedTree9/UnpackInteger3.uexp" 459
"../../../Engine/Plugins/Editor/SpeedTreeImporter/Content/SpeedTree9/SpeedTreeCameraFacing.uasset" 460
"../../../Engine/Plugins/Editor/SpeedTreeImporter/Content/SpeedTree9/SpeedTreeCameraFacing.uexp" 461
"../../../Engine/Content/Functions/Engine_MaterialFunctions02/WorldPositionOffset/ObjectScale.uasset" 462
"../../../Engine/Content/Functions/Engine_MaterialFunctions02/WorldPositionOffset/ObjectScale.uexp" 463
"../../../Engine/Content/Functions/Engine_MaterialFunctions02/SafeNormalize.uasset" 464
"../../../Engine/Content/Functions/Engine_MaterialFunctions02/SafeNormalize.uexp" 465
"../../../Engine/Plugins/Editor/SpeedTreeImporter/Content/SpeedTree9/SpeedTreeWindMotion.uasset" 466
"../../../Engine/Plugins/Editor/SpeedTreeImporter/Content/SpeedTree9/SpeedTreeWindMotion.uexp" 467
"../../../Engine/Plugins/Editor/SpeedTreeImporter/Content/SpeedTree9/SpeedTreeBranchMotion.uasset" 468
"../../../Engine/Plugins/Editor/SpeedTreeImporter/Content/SpeedTree9/SpeedTreeBranchMotion.uexp" 469
"../../../Engine/Plugins/Editor/SpeedTreeImporter/Content/SpeedTree9/SpeedTreeWind.uasset" 470
"../../../Engine/Plugins/Editor/SpeedTreeImporter/Content/SpeedTree9/SpeedTreeWind.uexp" 471
"../../../Engine/Plugins/Editor/SpeedTreeImporter/Content/SpeedTree9/EmptyNormal.uasset" 472
"../../../Engine/Plugins/Editor/SpeedTreeImporter/Content/SpeedTree9/EmptyNormal.uexp" 473
"../../../Engine/Plugins/Editor/SpeedTreeImporter/Content/SpeedTree9/Empty.uasset" 474
"../../../Engine/Plugins/Editor/SpeedTreeImporter/Content/SpeedTree9/Empty.uexp" 475
"../../../Engine/Plugins/Editor/SpeedTreeImporter/Content/SpeedTree9/SpeedTreeMaster.uasset" 476
"../../../Engine/Plugins/Editor/SpeedTreeImporter/Content/SpeedTree9/SpeedTreeMaster.uexp" 477
"../../../Engine/Plugins/Editor/SpeedTreeImporter/Content/SpeedTree9/SpeedTreeBillboard.uasset" 478
"../../../Engine/Plugins/Editor/SpeedTreeImporter/Content/SpeedTree9/SpeedTreeBillboard.uexp" 479
"../../../Engine/Plugins/Editor/SpeedTreeImporter/Content/SpeedTree9/SpeedTreeBillboardMaster.uasset" 480
"../../../Engine/Plugins/Editor/SpeedTreeImporter/Content/SpeedTree9/SpeedTreeBillboardMaster.uexp" 481
"../../../Engine/Plugins/Runtime/Oculus/OculusVR/Content/Materials/PokeAHoleMaterial.uasset" 482
"../../../Engine/Plugins/Runtime/Oculus/OculusVR/Content/Materials/PokeAHoleMaterial.uexp" 483
"../../../Engine/Plugins/Runtime/Oculus/OculusVR/Content/Materials/OculusMR_OpaqueColoredMaterial.uasset" 484
"../../../Engine/Plugins/Runtime/Oculus/OculusVR/Content/Materials/OculusMR_OpaqueColoredMaterial.uexp" 485
"../../../Engine/Content/Functions/Engine_MaterialFunctions02/Utility/BreakOutFloat4Components.uasset" 486
"../../../Engine/Content/Functions/Engine_MaterialFunctions02/Utility/BreakOutFloat4Components.uexp" 487
"../../../Engine/Plugins/Runtime/Oculus/OculusVR/Content/Materials/OculusMR_ChromaKey.uasset" 488
"../../../Engine/Plugins/Runtime/Oculus/OculusVR/Content/Materials/OculusMR_ChromaKey.uexp" 489
"../../../Engine/Plugins/Runtime/HairStrands/Content/Materials/HairMeshesDefaultMaterial.uasset" 490
"../../../Engine/Plugins/Runtime/HairStrands/Content/Materials/HairMeshesDefaultMaterial.uexp" 491
"../../../Engine/Plugins/Runtime/HairStrands/Content/Materials/HairDefaultMaterial.uasset" 492
"../../../Engine/Plugins/Runtime/HairStrands/Content/Materials/HairDefaultMaterial.uexp" 493
"../../../Engine/Plugins/Runtime/HairStrands/Content/Materials/HairGroupColors.uasset" 494
"../../../Engine/Plugins/Runtime/HairStrands/Content/Materials/HairGroupColors.uexp" 495
"../../../Engine/Content/EngineMaterials/HairColorMap.uasset" 496
"../../../Engine/Content/EngineMaterials/HairColorMap.uexp" 497
"../../../Engine/Content/EngineMaterials/HairDebugColor.uasset" 498
"../../../Engine/Content/EngineMaterials/HairDebugColor.uexp" 499
"../../../Engine/Plugins/Runtime/HairStrands/Content/Materials/HairDebugMaterial.uasset" 500
"../../../Engine/Plugins/Runtime/HairStrands/Content/Materials/HairDebugMaterial.uexp" 501
"../../../Engine/Plugins/Runtime/HairStrands/Content/Materials/HairCardsDefaultMaterial.uasset" 502
"../../../Engine/Plugins/Runtime/HairStrands/Content/Materials/HairCardsDefaultMaterial.uexp" 503
"../../../Engine/Plugins/Runtime/Oculus/OculusVR/Content/Textures/TouchForQuestRiftSController_albedo.ubulk" 504
"../../../Engine/Plugins/Runtime/Oculus/OculusVR/Content/Textures/TouchForQuestRiftSController_albedo.uasset" 505
"../../../Engine/Plugins/Runtime/Oculus/OculusVR/Content/Textures/TouchForQuestRiftSController_albedo.uexp" 506
"../../../Engine/Plugins/Runtime/Oculus/OculusVR/Content/Materials/TouchForQuestRiftSControllerMaterial.uasset" 507
"../../../Engine/Plugins/Runtime/Oculus/OculusVR/Content/Materials/TouchForQuestRiftSControllerMaterial.uexp" 508
"../../../Engine/Plugins/Runtime/Oculus/OculusVR/Content/Meshes/RightTouchForQuestRiftSController.uasset" 509
"../../../Engine/Plugins/Runtime/Oculus/OculusVR/Content/Meshes/RightTouchForQuestRiftSController.uexp" 510
"../../../Engine/Plugins/Runtime/Oculus/OculusVR/Content/Textures/touchController_albedo.ubulk" 511
"../../../Engine/Plugins/Runtime/Oculus/OculusVR/Content/Textures/touchController_albedo.uasset" 512
"../../../Engine/Plugins/Runtime/Oculus/OculusVR/Content/Textures/touchController_albedo.uexp" 513
"../../../Engine/Plugins/Runtime/Oculus/OculusVR/Content/Textures/touchController_controlmap.ubulk" 514
"../../../Engine/Plugins/Runtime/Oculus/OculusVR/Content/Textures/touchController_controlmap.uasset" 515
"../../../Engine/Plugins/Runtime/Oculus/OculusVR/Content/Textures/touchController_controlmap.uexp" 516
"../../../Engine/Plugins/Runtime/Oculus/OculusVR/Content/Materials/touchController_mat.uasset" 517
"../../../Engine/Plugins/Runtime/Oculus/OculusVR/Content/Materials/touchController_mat.uexp" 518
"../../../Engine/Plugins/Runtime/Oculus/OculusVR/Content/Meshes/RightTouchController.uasset" 519
"../../../Engine/Plugins/Runtime/Oculus/OculusVR/Content/Meshes/RightTouchController.uexp" 520
"../../../Engine/Plugins/Runtime/Oculus/OculusVR/Content/Meshes/RiftHMD.uasset" 521
"../../../Engine/Plugins/Runtime/Oculus/OculusVR/Content/Meshes/RiftHMD.uexp" 522
"../../../Engine/Plugins/Runtime/Oculus/OculusVR/Content/Meshes/LeftTouchForQuestRiftSController.uasset" 523
"../../../Engine/Plugins/Runtime/Oculus/OculusVR/Content/Meshes/LeftTouchForQuestRiftSController.uexp" 524
"../../../Engine/Plugins/Runtime/Oculus/OculusVR/Content/Meshes/LeftTouchController.uasset" 525
"../../../Engine/Plugins/Runtime/Oculus/OculusVR/Content/Meshes/LeftTouchController.uexp" 526
"../../../Engine/Content/EngineResources/Black.uasset" 527
"../../../Engine/Content/EngineResources/Black.uexp" 528
"../../../Engine/Plugins/Runtime/OpenXR/Content/Devices/M_XRController.uasset" 529
"../../../Engine/Plugins/Runtime/OpenXR/Content/Devices/M_XRController.uexp" 530
"../../../Engine/Plugins/Runtime/OpenXR/Content/Devices/HTCVive/BaseTexture.ubulk" 531
"../../../Engine/Plugins/Runtime/OpenXR/Content/Devices/HTCVive/BaseTexture.uasset" 532
"../../../Engine/Plugins/Runtime/OpenXR/Content/Devices/HTCVive/BaseTexture.uexp" 533
"../../../Engine/Plugins/Runtime/OpenXR/Content/Devices/HTCVive/MI_HTCVive.uasset" 534
"../../../Engine/Plugins/Runtime/OpenXR/Content/Devices/HTCVive/MI_HTCVive.uexp" 535
"../../../Engine/Plugins/Runtime/OpenXR/Content/Devices/HTCVive/HTCViveController.uasset" 536
"../../../Engine/Plugins/Runtime/OpenXR/Content/Devices/HTCVive/HTCViveController.uexp" 537
"../../../Engine/Plugins/Runtime/OpenXR/Content/Devices/MicrosoftMixedReality/NormalTexture.ubulk" 538
"../../../Engine/Plugins/Runtime/OpenXR/Content/Devices/MicrosoftMixedReality/NormalTexture.uasset" 539
"../../../Engine/Plugins/Runtime/OpenXR/Content/Devices/MicrosoftMixedReality/NormalTexture.uexp" 540
"../../../Engine/Plugins/Runtime/OpenXR/Content/Devices/MicrosoftMixedReality/EmissiveTexture.ubulk" 541
"../../../Engine/Plugins/Runtime/OpenXR/Content/Devices/MicrosoftMixedReality/EmissiveTexture.uasset" 542
"../../../Engine/Plugins/Runtime/OpenXR/Content/Devices/MicrosoftMixedReality/EmissiveTexture.uexp" 543
"../../../Engine/Plugins/Runtime/OpenXR/Content/Devices/MicrosoftMixedReality/BaseTexture.ubulk" 544
"../../../Engine/Plugins/Runtime/OpenXR/Content/Devices/MicrosoftMixedReality/BaseTexture.uasset" 545
"../../../Engine/Plugins/Runtime/OpenXR/Content/Devices/MicrosoftMixedReality/BaseTexture.uexp" 546
"../../../Engine/Plugins/Runtime/OpenXR/Content/Devices/MicrosoftMixedReality/MRTexture.ubulk" 547
"../../../Engine/Plugins/Runtime/OpenXR/Content/Devices/MicrosoftMixedReality/MRTexture.uasset" 548
"../../../Engine/Plugins/Runtime/OpenXR/Content/Devices/MicrosoftMixedReality/MRTexture.uexp" 549
"../../../Engine/Plugins/Runtime/OpenXR/Content/Devices/MicrosoftMixedReality/MI_MicrosoftMixedReality.uasset" 550
"../../../Engine/Plugins/Runtime/OpenXR/Content/Devices/MicrosoftMixedReality/MI_MicrosoftMixedReality.uexp" 551
"../../../Engine/Plugins/Runtime/OpenXR/Content/Devices/MicrosoftMixedReality/Left/left_MicrosoftMixedRealityController.uasset" 552
"../../../Engine/Plugins/Runtime/OpenXR/Content/Devices/MicrosoftMixedReality/Left/left_MicrosoftMixedRealityController.uexp" 553
"../../../Engine/Plugins/Runtime/OpenXR/Content/Devices/MicrosoftMixedReality/Right/right_MicrosoftMixedRealityController.uasset" 554
"../../../Engine/Plugins/Runtime/OpenXR/Content/Devices/MicrosoftMixedReality/Right/right_MicrosoftMixedRealityController.uexp" 555
"../../../Engine/Plugins/Runtime/OpenXR/Content/Devices/OculusGo/BaseTexture.ubulk" 556
"../../../Engine/Plugins/Runtime/OpenXR/Content/Devices/OculusGo/BaseTexture.uasset" 557
"../../../Engine/Plugins/Runtime/OpenXR/Content/Devices/OculusGo/BaseTexture.uexp" 558
"../../../Engine/Plugins/Runtime/OpenXR/Content/Devices/OculusGo/MI_OculusGo.uasset" 559
"../../../Engine/Plugins/Runtime/OpenXR/Content/Devices/OculusGo/MI_OculusGo.uexp" 560
"../../../Engine/Plugins/Runtime/OpenXR/Content/Devices/OculusGo/OculusGoController.uasset" 561
"../../../Engine/Plugins/Runtime/OpenXR/Content/Devices/OculusGo/OculusGoController.uexp" 562
"../../../Engine/Plugins/Runtime/OpenXR/Content/Devices/OculusTouch/BaseTexture.ubulk" 563
"../../../Engine/Plugins/Runtime/OpenXR/Content/Devices/OculusTouch/BaseTexture.uasset" 564
"../../../Engine/Plugins/Runtime/OpenXR/Content/Devices/OculusTouch/BaseTexture.uexp" 565
"../../../Engine/Plugins/Runtime/OpenXR/Content/Devices/OculusTouch/MRTexture.ubulk" 566
"../../../Engine/Plugins/Runtime/OpenXR/Content/Devices/OculusTouch/MRTexture.uasset" 567
"../../../Engine/Plugins/Runtime/OpenXR/Content/Devices/OculusTouch/MRTexture.uexp" 568
"../../../Engine/Plugins/Runtime/OpenXR/Content/Devices/OculusTouch/MI_OculusTouch.uasset" 569
"../../../Engine/Plugins/Runtime/OpenXR/Content/Devices/OculusTouch/MI_OculusTouch.uexp" 570
"../../../Engine/Plugins/Runtime/OpenXR/Content/Devices/OculusTouch/Left/left_OculusTouchController.uasset" 571
"../../../Engine/Plugins/Runtime/OpenXR/Content/Devices/OculusTouch/Left/left_OculusTouchController.uexp" 572
"../../../Engine/Plugins/Runtime/OpenXR/Content/Devices/OculusTouch/Right/right_OculusTouchController.uasset" 573
"../../../Engine/Plugins/Runtime/OpenXR/Content/Devices/OculusTouch/Right/right_OculusTouchController.uexp" 574
"../../../Engine/Plugins/Runtime/OpenXR/Content/Devices/OculusTouch_v2/BaseTexture.ubulk" 575
"../../../Engine/Plugins/Runtime/OpenXR/Content/Devices/OculusTouch_v2/BaseTexture.uasset" 576
"../../../Engine/Plugins/Runtime/OpenXR/Content/Devices/OculusTouch_v2/BaseTexture.uexp" 577
"../../../Engine/Plugins/Runtime/OpenXR/Content/Devices/OculusTouch_v2/MRTexture.ubulk" 578
"../../../Engine/Plugins/Runtime/OpenXR/Content/Devices/OculusTouch_v2/MRTexture.uasset" 579
"../../../Engine/Plugins/Runtime/OpenXR/Content/Devices/OculusTouch_v2/MRTexture.uexp" 580
"../../../Engine/Plugins/Runtime/OpenXR/Content/Devices/OculusTouch_v2/MI_OculusTouch_v2.uasset" 581
"../../../Engine/Plugins/Runtime/OpenXR/Content/Devices/OculusTouch_v2/MI_OculusTouch_v2.uexp" 582
"../../../Engine/Plugins/Runtime/OpenXR/Content/Devices/OculusTouch_v2/Left/left_OculusTouch_v2Controller.uasset" 583
"../../../Engine/Plugins/Runtime/OpenXR/Content/Devices/OculusTouch_v2/Left/left_OculusTouch_v2Controller.uexp" 584
"../../../Engine/Plugins/Runtime/OpenXR/Content/Devices/OculusTouch_v2/Right/right_OculusTouch_v2Controller.uasset" 585
"../../../Engine/Plugins/Runtime/OpenXR/Content/Devices/OculusTouch_v2/Right/right_OculusTouch_v2Controller.uexp" 586
"../../../Engine/Plugins/Runtime/OpenXR/Content/Devices/OculusTouch_v3/MRTexture.ubulk" 587
"../../../Engine/Plugins/Runtime/OpenXR/Content/Devices/OculusTouch_v3/MRTexture.uasset" 588
"../../../Engine/Plugins/Runtime/OpenXR/Content/Devices/OculusTouch_v3/MRTexture.uexp" 589
"../../../Engine/Plugins/Runtime/OpenXR/Content/Devices/OculusTouch_v3/BaseTexture.ubulk" 590
"../../../Engine/Plugins/Runtime/OpenXR/Content/Devices/OculusTouch_v3/BaseTexture.uasset" 591
"../../../Engine/Plugins/Runtime/OpenXR/Content/Devices/OculusTouch_v3/BaseTexture.uexp" 592
"../../../Engine/Plugins/Runtime/OpenXR/Content/Devices/OculusTouch_v3/MI_OculusTouch_v3.uasset" 593
"../../../Engine/Plugins/Runtime/OpenXR/Content/Devices/OculusTouch_v3/MI_OculusTouch_v3.uexp" 594
"../../../Engine/Plugins/Runtime/OpenXR/Content/Devices/OculusTouch_v3/Left/left_OculusTouch_v3Controller.uasset" 595
"../../../Engine/Plugins/Runtime/OpenXR/Content/Devices/OculusTouch_v3/Left/left_OculusTouch_v3Controller.uexp" 596
"../../../Engine/Plugins/Runtime/OpenXR/Content/Devices/OculusTouch_v3/Right/right_OculusTouch_v3Controller.uasset" 597
"../../../Engine/Plugins/Runtime/OpenXR/Content/Devices/OculusTouch_v3/Right/right_OculusTouch_v3Controller.uexp" 598
"../../../Engine/Plugins/Runtime/OpenXR/Content/Devices/ValveIndex/MRTexture.ubulk" 599
"../../../Engine/Plugins/Runtime/OpenXR/Content/Devices/ValveIndex/MRTexture.uasset" 600
"../../../Engine/Plugins/Runtime/OpenXR/Content/Devices/ValveIndex/MRTexture.uexp" 601
"../../../Engine/Plugins/Runtime/OpenXR/Content/Devices/ValveIndex/BaseTexture.ubulk" 602
"../../../Engine/Plugins/Runtime/OpenXR/Content/Devices/ValveIndex/BaseTexture.uasset" 603
"../../../Engine/Plugins/Runtime/OpenXR/Content/Devices/ValveIndex/BaseTexture.uexp" 604
"../../../Engine/Plugins/Runtime/OpenXR/Content/Devices/ValveIndex/Left/MI_left_ValveIndex.uasset" 605
"../../../Engine/Plugins/Runtime/OpenXR/Content/Devices/ValveIndex/Left/MI_left_ValveIndex.uexp" 606
"../../../Engine/Plugins/Runtime/OpenXR/Content/Devices/ValveIndex/Left/left_ValveIndexController.uasset" 607
"../../../Engine/Plugins/Runtime/OpenXR/Content/Devices/ValveIndex/Left/left_ValveIndexController.uexp" 608
"../../../Engine/Plugins/Runtime/OpenXR/Content/Devices/ValveIndex/Right/MI_right_ValveIndex.uasset" 609
"../../../Engine/Plugins/Runtime/OpenXR/Content/Devices/ValveIndex/Right/MI_right_ValveIndex.uexp" 610
"../../../Engine/Plugins/Runtime/OpenXR/Content/Devices/ValveIndex/Right/right_ValveIndexController.uasset" 611
"../../../Engine/Plugins/Runtime/OpenXR/Content/Devices/ValveIndex/Right/right_ValveIndexController.uexp" 612
"../../../Engine/Content/Maps/Entry_BuiltData.uasset" 613
"../../../Engine/Content/Maps/Entry_BuiltData.uexp" 614
"../../../Engine/Content/Maps/Entry.uexp" 615
"../../../Engine/Content/Maps/Entry.umap" 616
"../../../Engine/Content/EngineMaterials/BlendFunc_DefBlend.uasset" 617
"../../../Engine/Content/EngineMaterials/BlendFunc_DefBlend.uexp" 618
"../../../Engine/Content/EngineMaterials/BlendFunc_DefBase.uasset" 619
"../../../Engine/Content/EngineMaterials/BlendFunc_DefBase.uexp" 620
"../../../Engine/Content/Functions/Engine_MaterialFunctions03/Blends/Blend_Overlay.uasset" 621
"../../../Engine/Content/Functions/Engine_MaterialFunctions03/Blends/Blend_Overlay.uexp" 622
"../../../Engine/Content/OpenWorldTemplate/LandscapeMaterial/T_GridChecker_A.ubulk" 623
"../../../Engine/Content/OpenWorldTemplate/LandscapeMaterial/T_GridChecker_A.uasset" 624
"../../../Engine/Content/OpenWorldTemplate/LandscapeMaterial/T_GridChecker_A.uexp" 625
"../../../Engine/Content/Functions/Engine_MaterialFunctions01/Gradient/LinearGradient.uasset" 626
"../../../Engine/Content/Functions/Engine_MaterialFunctions01/Gradient/LinearGradient.uexp" 627
"../../../Engine/Content/Functions/Engine_MaterialFunctions01/ImageAdjustment/CheapContrast.uasset" 628
"../../../Engine/Content/Functions/Engine_MaterialFunctions01/ImageAdjustment/CheapContrast.uexp" 629
"../../../Engine/Content/OpenWorldTemplate/LandscapeMaterial/MF_ProcGrid.uasset" 630
"../../../Engine/Content/OpenWorldTemplate/LandscapeMaterial/MF_ProcGrid.uexp" 631
"../../../Engine/Content/OpenWorldTemplate/LandscapeMaterial/M_ProcGrid.uasset" 632
"../../../Engine/Content/OpenWorldTemplate/LandscapeMaterial/M_ProcGrid.uexp" 633
"../../../Engine/Content/OpenWorldTemplate/LandscapeMaterial/MI_ProcGrid.uasset" 634
"../../../Engine/Content/OpenWorldTemplate/LandscapeMaterial/MI_ProcGrid.uexp" 635
"../../../Engine/Content/EngineSky/T_Sky_Stars.ubulk" 636
"../../../Engine/Content/EngineSky/T_Sky_Stars.uasset" 637
"../../../Engine/Content/EngineSky/T_Sky_Stars.uexp" 638
"../../../Engine/Content/EngineSky/T_Sky_Clouds_M.ubulk" 639
"../../../Engine/Content/EngineSky/T_Sky_Clouds_M.uasset" 640
"../../../Engine/Content/EngineSky/T_Sky_Clouds_M.uexp" 641
"../../../Engine/Content/EngineSky/T_Sky_Blue.ubulk" 642
"../../../Engine/Content/EngineSky/T_Sky_Blue.uasset" 643
"../../../Engine/Content/EngineSky/T_Sky_Blue.uexp" 644
"../../../Engine/Content/EngineSky/M_Sky_Panning_Clouds2.uasset" 645
"../../../Engine/Content/EngineSky/M_Sky_Panning_Clouds2.uexp" 646
"../../../Engine/Content/EngineSky/SM_SkySphere.uasset" 647
"../../../Engine/Content/EngineSky/SM_SkySphere.uexp" 648
"../../../Engine/Content/MapTemplates/SM_Template_Map_Floor.uasset" 649
"../../../Engine/Content/MapTemplates/SM_Template_Map_Floor.uexp" 650
"C:/Users/Chokomaru/Desktop/Unreal_Projects/UdemyTevfikPart2/Content/maps/Level_Main_BuiltData.ubulk" 651
"C:/Users/Chokomaru/Desktop/Unreal_Projects/UdemyTevfikPart2/Content/maps/Level_Main_BuiltData.uasset" 652
"C:/Users/Chokomaru/Desktop/Unreal_Projects/UdemyTevfikPart2/Content/maps/Level_Main_BuiltData.uexp" 653
"../../../Engine/Content/EngineSky/M_SimpleSkyDome.uasset" 654
"../../../Engine/Content/EngineSky/M_SimpleSkyDome.uexp" 655
"C:/Users/Chokomaru/Desktop/Unreal_Projects/UdemyTevfikPart2/Content/maps/Level_Main.uexp" 656
"C:/Users/Chokomaru/Desktop/Unreal_Projects/UdemyTevfikPart2/Content/maps/Level_Main.umap" 657
